2022-02-10 22:03:36.406 [main] FATAL App - FATAL: Goodbye, cruel world!
2022-02-10 22:03:36.411 [main] ERROR App - ERROR: Something broke, I think.
2022-02-10 22:03:36.412 [main] WARN  App - WARN: Danger, Will Robinson!
2022-02-10 22:03:36.412 [main] INFO  App - INFO: Billy Mummy is 67 years old.
2022-02-10 22:03:36.413 [main] DEBUG App - DEBUG: I am debugging.  Argc is 0
2022-02-10 22:03:36.413 [main] TRACE App - TRACE: Kilroy was here
2022-02-10 22:40:09.057 [main] FATAL App - FATAL: Goodbye, cruel world!
2022-02-10 22:40:09.060 [main] ERROR App - ERROR: Something broke, I think.
2022-02-10 22:40:09.061 [main] WARN  App - WARN: Danger, Will Robinson!
2022-02-10 22:40:09.061 [main] INFO  App - INFO: Billy Mummy is 67 years old.
2022-02-10 22:40:09.062 [main] DEBUG App - DEBUG: I am debugging.  Argc is 0
2022-02-10 22:40:09.062 [main] TRACE App - TRACE: Kilroy was here
2022-02-10 22:40:24.732 [main] FATAL App - FATAL: Goodbye, cruel world!
2022-02-10 22:40:24.736 [main] ERROR App - ERROR: Something broke, I think.
2022-02-10 22:40:24.736 [main] WARN  App - WARN: Danger, Will Robinson!
2022-02-10 22:40:24.736 [main] INFO  App - INFO: Billy Mummy is 67 years old.
2022-02-10 22:40:24.737 [main] DEBUG App - DEBUG: I am debugging.  Argc is 0
2022-02-10 22:40:24.737 [main] TRACE App - TRACE: Kilroy was here
2022-02-10 23:18:51.715 [main] DEBUG App - Cells in line: 1
2022-02-10 23:18:51.719 [main] DEBUG App - Cells in line: 4
2022-02-10 23:18:51.720 [main] DEBUG App - CSC 184    Intro to Computer Programming Yan         3
2022-02-10 23:18:51.722 [main] DEBUG App - Cells in line: 4
2022-02-10 23:18:51.723 [main] DEBUG App - CSC 346    Enterprise Systems with Java Noynaert    3
2022-02-10 23:18:51.723 [main] DEBUG App - Cells in line: 4
2022-02-10 23:18:51.724 [main] DEBUG App - MAT 111 E  Introductory Statistics Mutua       4
2022-02-10 23:18:51.725 [main] DEBUG App - Cells in line: 4
2022-02-10 23:18:51.725 [main] DEBUG App - ACT 490    IT Career Preparation Pickett     1
2022-02-10 23:18:51.726 [main] DEBUG App - Cells in line: 4
2022-02-10 23:18:51.727 [main] DEBUG App - MUS 101    Perspectives in Music Grant       3
2022-02-10 23:18:51.727 [main] DEBUG App - Cells in line: 4
2022-02-10 23:18:51.728 [main] DEBUG App - ART 326    Introduction to Game Design Stout       3
2022-02-10 23:18:51.728 [main] DEBUG App - Cells in line: 4
2022-02-10 23:18:51.729 [main] DEBUG App - EXS 160    Cheer and Dance Participation Dodd        1
2022-02-10 23:18:51.729 [main] DEBUG App - Cells in line: 4
2022-02-10 23:18:51.729 [main] ERROR App - Could not connect.  For input string: "l"
2022-02-10 23:19:38.967 [main] DEBUG App - Cells in line: 1
2022-02-10 23:19:38.971 [main] DEBUG App - Cells in line: 4
2022-02-10 23:19:38.972 [main] DEBUG App - CSC 184    Intro to Computer Programming Yan         3
2022-02-10 23:19:38.973 [main] DEBUG App - Cells in line: 4
2022-02-10 23:19:38.974 [main] DEBUG App - CSC 346    Enterprise Systems with Java Noynaert    3
2022-02-10 23:19:38.975 [main] DEBUG App - Cells in line: 4
2022-02-10 23:19:38.975 [main] DEBUG App - MAT 111 E  Introductory Statistics Mutua       4
2022-02-10 23:19:38.976 [main] DEBUG App - Cells in line: 4
2022-02-10 23:19:38.976 [main] DEBUG App - ACT 490    IT Career Preparation Pickett     1
2022-02-10 23:19:38.977 [main] DEBUG App - Cells in line: 4
2022-02-10 23:19:38.978 [main] DEBUG App - MUS 101    Perspectives in Music Grant       3
2022-02-10 23:19:38.978 [main] DEBUG App - Cells in line: 4
2022-02-10 23:19:38.979 [main] DEBUG App - ART 326    Introduction to Game Design Stout       3
2022-02-10 23:19:38.979 [main] DEBUG App - Cells in line: 4
2022-02-10 23:19:38.980 [main] DEBUG App - EXS 160    Cheer and Dance Participation Dodd        1
2022-02-10 23:19:38.981 [main] DEBUG App - Cells in line: 4
2022-02-10 23:19:38.981 [main] ERROR App - Could not connect.  For input string: "l"
2022-02-10 23:21:08.366 [main] DEBUG App - Cells in line: 1
2022-02-10 23:21:08.369 [main] DEBUG App - Cells in line: 4
2022-02-10 23:21:08.370 [main] DEBUG App - CSC 184    Intro to Computer Programming Yan         3
2022-02-10 23:21:08.372 [main] DEBUG App - Cells in line: 4
2022-02-10 23:21:08.373 [main] DEBUG App - CSC 346    Enterprise Systems with Java Noynaert    3
2022-02-10 23:21:08.373 [main] DEBUG App - Cells in line: 4
2022-02-10 23:21:08.373 [main] DEBUG App - MAT 111 E  Introductory Statistics Mutua       4
2022-02-10 23:21:08.374 [main] DEBUG App - Cells in line: 4
2022-02-10 23:21:08.374 [main] DEBUG App - ACT 490    IT Career Preparation Pickett     1
2022-02-10 23:21:08.374 [main] DEBUG App - Cells in line: 4
2022-02-10 23:21:08.375 [main] DEBUG App - MUS 101    Perspectives in Music Grant       3
2022-02-10 23:21:08.375 [main] DEBUG App - Cells in line: 4
2022-02-10 23:21:08.375 [main] DEBUG App - ART 326    Introduction to Game Design Stout       3
2022-02-10 23:21:08.376 [main] DEBUG App - Cells in line: 4
2022-02-10 23:21:08.376 [main] DEBUG App - EXS 160    Cheer and Dance Participation Dodd        1
2022-02-10 23:21:08.376 [main] DEBUG App - Cells in line: 4
2022-02-10 23:21:08.377 [main] ERROR App - Could not connect.  For input string: "l"
2022-02-10 23:24:29.481 [main] DEBUG App - Cells in line: 1
2022-02-10 23:24:29.484 [main] DEBUG App - Cells in line: 4
2022-02-10 23:24:29.486 [main] DEBUG App - CSC 184    Intro to Computer Programming Yan         3
2022-02-10 23:24:29.487 [main] DEBUG App - Cells in line: 4
2022-02-10 23:24:29.488 [main] DEBUG App - CSC 346    Enterprise Systems with Java Noynaert    3
2022-02-10 23:24:29.488 [main] DEBUG App - Cells in line: 4
2022-02-10 23:24:29.488 [main] DEBUG App - MAT 111 E  Introductory Statistics Mutua       4
2022-02-10 23:24:29.488 [main] DEBUG App - Cells in line: 4
2022-02-10 23:24:29.489 [main] DEBUG App - ACT 490    IT Career Preparation Pickett     1
2022-02-10 23:24:29.489 [main] DEBUG App - Cells in line: 4
2022-02-10 23:24:29.490 [main] DEBUG App - MUS 101    Perspectives in Music Grant       3
2022-02-10 23:24:29.490 [main] DEBUG App - Cells in line: 4
2022-02-10 23:24:29.490 [main] DEBUG App - ART 326    Introduction to Game Design Stout       3
2022-02-10 23:24:29.491 [main] DEBUG App - Cells in line: 4
2022-02-10 23:24:29.491 [main] DEBUG App - EXS 160    Cheer and Dance Participation Dodd        1
2022-02-10 23:24:29.491 [main] DEBUG App - Cells in line: 4
2022-02-10 23:24:29.492 [main] ERROR App - Could not connect.  For input string: "l"
2022-02-10 23:28:06.712 [main] DEBUG App - Cells in line: 1
2022-02-10 23:28:06.718 [main] DEBUG App - Cells in line: 4
2022-02-10 23:28:06.719 [main] DEBUG App - CSC 184    Intro to Computer Programming Yan         3
2022-02-10 23:28:06.721 [main] DEBUG App - Cells in line: 4
2022-02-10 23:28:06.721 [main] DEBUG App - CSC 346    Enterprise Systems with Java Noynaert    3
2022-02-10 23:28:06.722 [main] DEBUG App - Cells in line: 4
2022-02-10 23:28:06.722 [main] DEBUG App - MAT 111 E  Introductory Statistics Mutua       4
2022-02-10 23:28:06.722 [main] DEBUG App - Cells in line: 4
2022-02-10 23:28:06.723 [main] DEBUG App - ACT 490    IT Career Preparation Pickett     1
2022-02-10 23:28:06.723 [main] DEBUG App - Cells in line: 4
2022-02-10 23:28:06.723 [main] DEBUG App - MUS 101    Perspectives in Music Grant       3
2022-02-10 23:28:06.723 [main] DEBUG App - Cells in line: 4
2022-02-10 23:28:06.724 [main] DEBUG App - ART 326    Introduction to Game Design Stout       3
2022-02-10 23:28:06.724 [main] DEBUG App - Cells in line: 4
2022-02-10 23:28:06.724 [main] DEBUG App - EXS 160    Cheer and Dance Participation Dodd        1
2022-02-10 23:28:06.725 [main] DEBUG App - Cells in line: 4
2022-02-10 23:28:06.725 [main] ERROR App - Could not connect.  For input string: "l"
2022-02-10 23:28:43.684 [main] DEBUG App - Cells in line: 1
2022-02-10 23:28:43.687 [main] DEBUG App - Cells in line: 4
2022-02-10 23:28:43.688 [main] DEBUG App - CSC 184    Intro to Computer Programming Yan         3
2022-02-10 23:28:43.689 [main] DEBUG App - Cells in line: 4
2022-02-10 23:28:43.690 [main] DEBUG App - CSC 346    Enterprise Systems with Java Noynaert    3
2022-02-10 23:28:43.690 [main] DEBUG App - Cells in line: 4
2022-02-10 23:28:43.690 [main] DEBUG App - MAT 111 E  Introductory Statistics Mutua       4
2022-02-10 23:28:43.691 [main] DEBUG App - Cells in line: 4
2022-02-10 23:28:43.691 [main] DEBUG App - ACT 490    IT Career Preparation Pickett     1
2022-02-10 23:28:43.692 [main] DEBUG App - Cells in line: 4
2022-02-10 23:28:43.692 [main] DEBUG App - MUS 101    Perspectives in Music Grant       3
2022-02-10 23:28:43.692 [main] DEBUG App - Cells in line: 4
2022-02-10 23:28:43.693 [main] DEBUG App - ART 326    Introduction to Game Design Stout       3
2022-02-10 23:28:43.693 [main] DEBUG App - Cells in line: 4
2022-02-10 23:28:43.694 [main] DEBUG App - EXS 160    Cheer and Dance Participation Dodd        1
2022-02-10 23:28:43.694 [main] DEBUG App - Cells in line: 4
2022-02-10 23:28:43.695 [main] ERROR App - Could not connect.  For input string: "l"
2022-02-10 23:29:01.362 [main] DEBUG App - Cells in line: 1
2022-02-10 23:29:01.366 [main] DEBUG App - Cells in line: 4
2022-02-10 23:29:01.368 [main] DEBUG App - CSC 184    Intro to Computer Programming Yan         3
2022-02-10 23:29:01.370 [main] DEBUG App - Cells in line: 4
2022-02-10 23:29:01.371 [main] DEBUG App - CSC 346    Enterprise Systems with Java Noynaert    3
2022-02-10 23:29:01.371 [main] DEBUG App - Cells in line: 4
2022-02-10 23:29:01.371 [main] DEBUG App - MAT 111 E  Introductory Statistics Mutua       4
2022-02-10 23:29:01.371 [main] DEBUG App - Cells in line: 4
2022-02-10 23:29:01.372 [main] DEBUG App - ACT 490    IT Career Preparation Pickett     1
2022-02-10 23:29:01.372 [main] DEBUG App - Cells in line: 4
2022-02-10 23:29:01.373 [main] DEBUG App - MUS 101    Perspectives in Music Grant       3
2022-02-10 23:29:01.373 [main] DEBUG App - Cells in line: 4
2022-02-10 23:29:01.374 [main] DEBUG App - ART 326    Introduction to Game Design Stout       3
2022-02-10 23:29:01.374 [main] DEBUG App - Cells in line: 4
2022-02-10 23:29:01.375 [main] DEBUG App - EXS 160    Cheer and Dance Participation Dodd        1
2022-02-10 23:29:01.375 [main] DEBUG App - Cells in line: 4
2022-02-10 23:29:01.375 [main] ERROR App - Could not connect.  For input string: "l"
2022-02-10 23:29:18.788 [main] DEBUG App - Cells in line: 1
2022-02-10 23:29:18.792 [main] DEBUG App - Cells in line: 4
2022-02-10 23:29:18.793 [main] DEBUG App - CSC 184    Intro to Computer Programming Yan         3
2022-02-10 23:29:18.795 [main] DEBUG App - Cells in line: 4
2022-02-10 23:29:18.796 [main] DEBUG App - CSC 346    Enterprise Systems with Java Noynaert    3
2022-02-10 23:29:18.796 [main] DEBUG App - Cells in line: 4
2022-02-10 23:29:18.797 [main] DEBUG App - MAT 111 E  Introductory Statistics Mutua       4
2022-02-10 23:29:18.797 [main] DEBUG App - Cells in line: 4
2022-02-10 23:29:18.797 [main] DEBUG App - ACT 490    IT Career Preparation Pickett     1
2022-02-10 23:29:18.798 [main] DEBUG App - Cells in line: 4
2022-02-10 23:29:18.798 [main] DEBUG App - MUS 101    Perspectives in Music Grant       3
2022-02-10 23:29:18.798 [main] DEBUG App - Cells in line: 4
2022-02-10 23:29:18.799 [main] DEBUG App - ART 326    Introduction to Game Design Stout       3
2022-02-10 23:29:18.799 [main] DEBUG App - Cells in line: 4
2022-02-10 23:29:18.800 [main] DEBUG App - EXS 160    Cheer and Dance Participation Dodd        1
2022-02-10 23:29:18.800 [main] DEBUG App - Cells in line: 4
2022-02-10 23:29:18.801 [main] ERROR App - Could not connect.  For input string: "l"
2022-02-10 23:29:36.025 [main] DEBUG App - Cells in line: 1
2022-02-10 23:29:36.030 [main] DEBUG App - Cells in line: 4
2022-02-10 23:29:36.033 [main] DEBUG App - CSC 184    Intro to Computer Programming Yan         3
2022-02-10 23:29:36.034 [main] DEBUG App - Cells in line: 4
2022-02-10 23:29:36.035 [main] DEBUG App - CSC 346    Enterprise Systems with Java Noynaert    3
2022-02-10 23:29:36.035 [main] DEBUG App - Cells in line: 4
2022-02-10 23:29:36.036 [main] DEBUG App - MAT 111 E  Introductory Statistics Mutua       4
2022-02-10 23:29:36.036 [main] DEBUG App - Cells in line: 4
2022-02-10 23:29:36.037 [main] DEBUG App - ACT 490    IT Career Preparation Pickett     1
2022-02-10 23:29:36.037 [main] DEBUG App - Cells in line: 4
2022-02-10 23:29:36.038 [main] DEBUG App - MUS 101    Perspectives in Music Grant       3
2022-02-10 23:29:36.038 [main] DEBUG App - Cells in line: 4
2022-02-10 23:29:36.040 [main] DEBUG App - ART 326    Introduction to Game Design Stout       3
2022-02-10 23:29:36.040 [main] DEBUG App - Cells in line: 4
2022-02-10 23:29:36.041 [main] DEBUG App - EXS 160    Cheer and Dance Participation Dodd        1
2022-02-10 23:29:36.041 [main] DEBUG App - Cells in line: 4
2022-02-10 23:29:36.042 [main] ERROR App - Could not connect.  For input string: "l"
2022-02-10 23:29:46.416 [main] DEBUG App - Cells in line: 1
2022-02-10 23:29:46.420 [main] DEBUG App - Cells in line: 4
2022-02-10 23:29:46.422 [main] DEBUG App - CSC 184    Intro to Computer Programming Yan         3
2022-02-10 23:29:46.423 [main] DEBUG App - Cells in line: 4
2022-02-10 23:29:46.424 [main] DEBUG App - CSC 346    Enterprise Systems with Java Noynaert    3
2022-02-10 23:29:46.424 [main] DEBUG App - Cells in line: 4
2022-02-10 23:29:46.424 [main] DEBUG App - MAT 111 E  Introductory Statistics Mutua       4
2022-02-10 23:29:46.424 [main] DEBUG App - Cells in line: 4
2022-02-10 23:29:46.425 [main] DEBUG App - ACT 490    IT Career Preparation Pickett     1
2022-02-10 23:29:46.425 [main] DEBUG App - Cells in line: 4
2022-02-10 23:29:46.425 [main] DEBUG App - MUS 101    Perspectives in Music Grant       3
2022-02-10 23:29:46.426 [main] DEBUG App - Cells in line: 4
2022-02-10 23:29:46.426 [main] DEBUG App - ART 326    Introduction to Game Design Stout       3
2022-02-10 23:29:46.426 [main] DEBUG App - Cells in line: 4
2022-02-10 23:29:46.427 [main] DEBUG App - EXS 160    Cheer and Dance Participation Dodd        1
2022-02-10 23:29:46.427 [main] DEBUG App - Cells in line: 4
2022-02-10 23:29:46.427 [main] ERROR App - Could not connect.  For input string: "l"
2022-02-10 23:30:09.354 [main] DEBUG App - Cells in line: 1
2022-02-10 23:30:09.358 [main] DEBUG App - Cells in line: 4
2022-02-10 23:30:09.360 [main] DEBUG App - CSC 184    Intro to Computer Programming Yan         3
2022-02-10 23:30:09.362 [main] DEBUG App - Cells in line: 4
2022-02-10 23:30:09.362 [main] DEBUG App - CSC 346    Enterprise Systems with Java Noynaert    3
2022-02-10 23:30:09.363 [main] DEBUG App - Cells in line: 4
2022-02-10 23:30:09.363 [main] DEBUG App - MAT 111 E  Introductory Statistics Mutua       4
2022-02-10 23:30:09.364 [main] DEBUG App - Cells in line: 4
2022-02-10 23:30:09.364 [main] DEBUG App - ACT 490    IT Career Preparation Pickett     1
2022-02-10 23:30:09.365 [main] DEBUG App - Cells in line: 4
2022-02-10 23:30:09.365 [main] DEBUG App - MUS 101    Perspectives in Music Grant       3
2022-02-10 23:30:09.366 [main] DEBUG App - Cells in line: 4
2022-02-10 23:30:09.366 [main] DEBUG App - ART 326    Introduction to Game Design Stout       3
2022-02-10 23:30:09.367 [main] DEBUG App - Cells in line: 4
2022-02-10 23:30:09.367 [main] DEBUG App - EXS 160    Cheer and Dance Participation Dodd        1
2022-02-10 23:30:09.367 [main] DEBUG App - Cells in line: 4
2022-02-10 23:30:09.368 [main] ERROR App - Could not connect.  For input string: "l"
2022-02-10 23:36:47.067 [main] DEBUG App - Cells in line: 1
2022-02-10 23:36:47.073 [main] DEBUG App - Cells in line: 4
2022-02-10 23:36:47.075 [main] DEBUG App - CSC 184    Intro to Computer Programming Yan         3
2022-02-10 23:36:47.077 [main] DEBUG App - Cells in line: 4
2022-02-10 23:36:47.078 [main] DEBUG App - CSC 346    Enterprise Systems with Java Noynaert    3
2022-02-10 23:36:47.079 [main] DEBUG App - Cells in line: 4
2022-02-10 23:36:47.079 [main] DEBUG App - MAT 111 E  Introductory Statistics Mutua       4
2022-02-10 23:36:47.080 [main] DEBUG App - Cells in line: 4
2022-02-10 23:36:47.081 [main] DEBUG App - ACT 490    IT Career Preparation Pickett     1
2022-02-10 23:36:47.081 [main] DEBUG App - Cells in line: 4
2022-02-10 23:36:47.082 [main] DEBUG App - MUS 101    Perspectives in Music Grant       3
2022-02-10 23:36:47.082 [main] DEBUG App - Cells in line: 4
2022-02-10 23:36:47.083 [main] DEBUG App - ART 326    Introduction to Game Design Stout       3
2022-02-10 23:36:47.083 [main] DEBUG App - Cells in line: 4
2022-02-10 23:36:47.084 [main] DEBUG App - EXS 160    Cheer and Dance Participation Dodd        1
2022-02-10 23:36:47.084 [main] DEBUG App - Cells in line: 4
2022-02-10 23:36:47.085 [main] ERROR App - Could not connect.  For input string: "l"
2022-02-10 23:37:35.858 [main] DEBUG App - Cells in line: 1
2022-02-10 23:37:35.862 [main] DEBUG App - Cells in line: 4
2022-02-10 23:37:35.864 [main] DEBUG App - CSC 184    Intro to Computer Programming Yan         3
2022-02-10 23:37:35.866 [main] DEBUG App - Cells in line: 4
2022-02-10 23:37:35.867 [main] DEBUG App - CSC 346    Enterprise Systems with Java Noynaert    3
2022-02-10 23:37:35.867 [main] DEBUG App - Cells in line: 4
2022-02-10 23:37:35.868 [main] DEBUG App - MAT 111 E  Introductory Statistics Mutua       4
2022-02-10 23:37:35.868 [main] DEBUG App - Cells in line: 4
2022-02-10 23:37:35.869 [main] DEBUG App - ACT 490    IT Career Preparation Pickett     1
2022-02-10 23:37:35.870 [main] DEBUG App - Cells in line: 4
2022-02-10 23:37:35.870 [main] DEBUG App - MUS 101    Perspectives in Music Grant       3
2022-02-10 23:37:35.871 [main] DEBUG App - Cells in line: 4
2022-02-10 23:37:35.872 [main] DEBUG App - ART 326    Introduction to Game Design Stout       3
2022-02-10 23:37:35.872 [main] DEBUG App - Cells in line: 4
2022-02-10 23:37:35.874 [main] DEBUG App - EXS 160    Cheer and Dance Participation Dodd        1
2022-02-10 23:37:35.874 [main] DEBUG App - Cells in line: 4
2022-02-10 23:37:35.876 [main] ERROR App - Could not connect.  For input string: "l"
2022-02-10 23:48:05.484 [main] DEBUG App - Cells in line: 1
2022-02-10 23:48:05.489 [main] DEBUG App - Cells in line: 4
2022-02-10 23:48:05.491 [main] DEBUG App - CSC 184    Intro to Computer Programming Yan         3
2022-02-10 23:48:05.493 [main] DEBUG App - Cells in line: 4
2022-02-10 23:48:05.493 [main] DEBUG App - CSC 346    Enterprise Systems with Java Noynaert    3
2022-02-10 23:48:05.494 [main] DEBUG App - Cells in line: 4
2022-02-10 23:48:05.495 [main] DEBUG App - MAT 111 E  Introductory Statistics Mutua       4
2022-02-10 23:48:05.496 [main] DEBUG App - Cells in line: 4
2022-02-10 23:48:05.496 [main] DEBUG App - ACT 490    IT Career Preparation Pickett     1
2022-02-10 23:48:05.497 [main] DEBUG App - Cells in line: 4
2022-02-10 23:48:05.497 [main] DEBUG App - MUS 101    Perspectives in Music Grant       3
2022-02-10 23:48:05.498 [main] DEBUG App - Cells in line: 4
2022-02-10 23:48:05.498 [main] DEBUG App - ART 326    Introduction to Game Design Stout       3
2022-02-10 23:48:05.499 [main] DEBUG App - Cells in line: 4
2022-02-10 23:48:05.500 [main] DEBUG App - EXS 160    Cheer and Dance Participation Dodd        1
2022-02-10 23:48:05.500 [main] DEBUG App - Cells in line: 4
2022-02-10 23:48:05.501 [main] ERROR App - Could not connect.  For input string: "l"
2022-02-10 23:48:23.289 [main] DEBUG App - Cells in line: 1
2022-02-10 23:48:23.293 [main] DEBUG App - Cells in line: 4
2022-02-10 23:48:23.295 [main] DEBUG App - CSC 184    Intro to Computer Programming Yan         3
2022-02-10 23:48:23.296 [main] DEBUG App - Cells in line: 4
2022-02-10 23:48:23.297 [main] DEBUG App - CSC 346    Enterprise Systems with Java Noynaert    3
2022-02-10 23:48:23.297 [main] DEBUG App - Cells in line: 4
2022-02-10 23:48:23.298 [main] DEBUG App - MAT 111 E  Introductory Statistics Mutua       4
2022-02-10 23:48:23.298 [main] DEBUG App - Cells in line: 4
2022-02-10 23:48:23.299 [main] DEBUG App - ACT 490    IT Career Preparation Pickett     1
2022-02-10 23:48:23.299 [main] DEBUG App - Cells in line: 4
2022-02-10 23:48:23.300 [main] DEBUG App - MUS 101    Perspectives in Music Grant       3
2022-02-10 23:48:23.300 [main] DEBUG App - Cells in line: 4
2022-02-10 23:48:23.300 [main] DEBUG App - ART 326    Introduction to Game Design Stout       3
2022-02-10 23:48:23.301 [main] DEBUG App - Cells in line: 4
2022-02-10 23:48:23.301 [main] DEBUG App - EXS 160    Cheer and Dance Participation Dodd        1
2022-02-10 23:48:23.302 [main] DEBUG App - Cells in line: 4
2022-02-10 23:48:23.302 [main] ERROR App - Could not connect.  For input string: "l"
2022-02-10 23:50:54.897 [main] DEBUG App - Cells in line: 1
2022-02-10 23:50:54.904 [main] DEBUG App - Cells in line: 4
2022-02-10 23:50:54.905 [main] DEBUG App - CSC 184    Intro to Computer Programming Yan         3
2022-02-10 23:50:54.907 [main] DEBUG App - Cells in line: 4
2022-02-10 23:50:54.908 [main] DEBUG App - CSC 346    Enterprise Systems with Java Noynaert    3
2022-02-10 23:50:54.909 [main] DEBUG App - Cells in line: 4
2022-02-10 23:50:54.909 [main] DEBUG App - MAT 111 E  Introductory Statistics Mutua       4
2022-02-10 23:50:54.911 [main] DEBUG App - Cells in line: 4
2022-02-10 23:50:54.911 [main] DEBUG App - ACT 490    IT Career Preparation Pickett     1
2022-02-10 23:50:54.911 [main] DEBUG App - Cells in line: 4
2022-02-10 23:50:54.912 [main] DEBUG App - MUS 101    Perspectives in Music Grant       3
2022-02-10 23:50:54.913 [main] DEBUG App - Cells in line: 4
2022-02-10 23:50:54.913 [main] DEBUG App - ART 326    Introduction to Game Design Stout       3
2022-02-10 23:50:54.914 [main] DEBUG App - Cells in line: 4
2022-02-10 23:50:54.914 [main] DEBUG App - EXS 160    Cheer and Dance Participation Dodd        1
2022-02-10 23:50:54.914 [main] DEBUG App - Cells in line: 4
2022-02-10 23:50:54.915 [main] ERROR App - Could not connect.  For input string: "l"
2022-02-10 23:54:24.548 [main] DEBUG App - Cells in line: 1
2022-02-10 23:54:24.551 [main] DEBUG App - Cells in line: 4
2022-02-10 23:54:24.552 [main] DEBUG App - CSC 184    Intro to Computer Programming Yan         3
2022-02-10 23:54:24.554 [main] DEBUG App - Cells in line: 4
2022-02-10 23:54:24.554 [main] DEBUG App - CSC 346    Enterprise Systems with Java Noynaert    3
2022-02-10 23:54:24.555 [main] DEBUG App - Cells in line: 4
2022-02-10 23:54:24.556 [main] DEBUG App - MAT 111 E  Introductory Statistics Mutua       4
2022-02-10 23:54:24.556 [main] DEBUG App - Cells in line: 4
2022-02-10 23:54:24.557 [main] DEBUG App - ACT 490    IT Career Preparation Pickett     1
2022-02-10 23:54:24.557 [main] DEBUG App - Cells in line: 4
2022-02-10 23:54:24.558 [main] DEBUG App - MUS 101    Perspectives in Music Grant       3
2022-02-10 23:54:24.558 [main] DEBUG App - Cells in line: 4
2022-02-10 23:54:24.559 [main] DEBUG App - ART 326    Introduction to Game Design Stout       3
2022-02-10 23:54:24.560 [main] DEBUG App - Cells in line: 4
2022-02-10 23:54:24.560 [main] DEBUG App - EXS 160    Cheer and Dance Participation Dodd        1
2022-02-10 23:54:24.561 [main] DEBUG App - Cells in line: 4
2022-02-10 23:54:24.561 [main] DEBUG App - EXS 158    Intercollegiate Sports I Dodd        0
2022-02-10 23:54:24.563 [main] ERROR App - Could not connect.  For input string: "l"
2022-02-10 23:58:23.543 [main] DEBUG App - Cells in line: 1
2022-02-10 23:58:23.546 [main] DEBUG App - Cells in line: 4
2022-02-10 23:58:23.547 [main] DEBUG App - CSC 184    Intro to Computer Programming Yan         3
2022-02-10 23:58:23.549 [main] DEBUG App - Cells in line: 4
2022-02-10 23:58:23.550 [main] DEBUG App - CSC 346    Enterprise Systems with Java Noynaert    3
2022-02-10 23:58:23.551 [main] DEBUG App - Cells in line: 4
2022-02-10 23:58:23.551 [main] DEBUG App - MAT 111 E  Introductory Statistics Mutua       4
2022-02-10 23:58:23.552 [main] DEBUG App - Cells in line: 4
2022-02-10 23:58:23.552 [main] DEBUG App - ACT 490    IT Career Preparation Pickett     1
2022-02-10 23:58:23.553 [main] DEBUG App - Cells in line: 4
2022-02-10 23:58:23.553 [main] DEBUG App - MUS 101    Perspectives in Music Grant       3
2022-02-10 23:58:23.553 [main] DEBUG App - Cells in line: 4
2022-02-10 23:58:23.554 [main] DEBUG App - ART 326    Introduction to Game Design Stout       3
2022-02-10 23:58:23.554 [main] DEBUG App - Cells in line: 4
2022-02-10 23:58:23.555 [main] DEBUG App - EXS 160    Cheer and Dance Participation Dodd        1
2022-02-10 23:58:23.555 [main] DEBUG App - Cells in line: 4
2022-02-10 23:58:23.556 [main] DEBUG App - EXS 158    Intercollegiate Sports I Dodd        0
2022-02-10 23:58:23.556 [main] DEBUG App - Cells in line: 4
2022-02-10 23:58:23.557 [main] DEBUG App - MUS 101    Perspectives in Music Raines-Grew  0
2022-02-10 23:58:23.558 [main] DEBUG App - Cells in line: 4
2022-02-10 23:58:23.558 [main] DEBUG App - MUS 101    Perspectives in Music Harrelson   3
2022-02-10 23:58:23.559 [main] DEBUG App - Cells in line: 4
2022-02-10 23:58:23.560 [main] DEBUG App - MAT 111 E  Introductory Statistics Anderson    0
2022-02-10 23:58:23.560 [main] DEBUG App - Cells in line: 4
2022-02-10 23:58:23.561 [main] DEBUG App - MAT 111 E  Introductory Statistics McCune      4
2022-02-10 23:58:23.562 [main] DEBUG App - Cells in line: 4
2022-02-10 23:58:23.562 [main] DEBUG App - MAT 111 E  Introductory Statistics Halstead    4
2022-02-10 23:59:38.912 [main] DEBUG App - Cells in line: 1
2022-02-10 23:59:38.916 [main] DEBUG App - Cells in line: 4
2022-02-10 23:59:38.918 [main] DEBUG App - CSC 184    Intro to Computer Programming Yan         3
2022-02-10 23:59:38.919 [main] DEBUG App - Cells in line: 4
2022-02-10 23:59:38.920 [main] DEBUG App - CSC 346    Enterprise Systems with Java Noynaert    3
2022-02-10 23:59:38.920 [main] DEBUG App - Cells in line: 4
2022-02-10 23:59:38.921 [main] DEBUG App - MAT 111 E  Introductory Statistics Mutua       4
2022-02-10 23:59:38.922 [main] DEBUG App - Cells in line: 4
2022-02-10 23:59:38.922 [main] DEBUG App - ACT 490    IT Career Preparation Pickett     1
2022-02-10 23:59:38.923 [main] DEBUG App - Cells in line: 4
2022-02-10 23:59:38.923 [main] DEBUG App - MUS 101    Perspectives in Music Grant       3
2022-02-10 23:59:38.923 [main] DEBUG App - Cells in line: 4
2022-02-10 23:59:38.924 [main] DEBUG App - ART 326    Introduction to Game Design Stout       3
2022-02-10 23:59:38.925 [main] DEBUG App - Cells in line: 4
2022-02-10 23:59:38.926 [main] DEBUG App - EXS 160    Cheer and Dance Participation Dodd        1
2022-02-10 23:59:38.926 [main] DEBUG App - Cells in line: 4
2022-02-10 23:59:38.926 [main] ERROR App - Could not connect.  For input string: "l"
2022-02-10 23:59:38.927 [main] DEBUG App - EXS 158    Intercollegiate Sports I Dodd        0
2022-02-10 23:59:38.927 [main] DEBUG App - Cells in line: 4
2022-02-10 23:59:38.927 [main] ERROR App - Could not connect.  For input string: "x"
2022-02-10 23:59:38.928 [main] DEBUG App - MUS 101    Perspectives in Music Raines-Grew  0
2022-02-10 23:59:38.928 [main] DEBUG App - Cells in line: 4
2022-02-10 23:59:38.928 [main] DEBUG App - MUS 101    Perspectives in Music Harrelson   3
2022-02-10 23:59:38.929 [main] DEBUG App - Cells in line: 4
2022-02-10 23:59:38.929 [main] ERROR App - Could not connect.  For input string: ""
2022-02-10 23:59:38.929 [main] DEBUG App - MAT 111 E  Introductory Statistics Anderson    0
2022-02-10 23:59:38.930 [main] DEBUG App - Cells in line: 4
2022-02-10 23:59:38.930 [main] DEBUG App - MAT 111 E  Introductory Statistics McCune      4
2022-02-10 23:59:38.930 [main] DEBUG App - Cells in line: 4
2022-02-10 23:59:38.931 [main] DEBUG App - MAT 111 E  Introductory Statistics Halstead    4
